0 verbose cli /opt/homebrew/Cellar/node/25.2.1/bin/node /opt/homebrew/bin/npm
1 info using npm@11.6.2
2 info using node@v25.2.1
3 silly config load:file:/opt/homebrew/lib/node_modules/npm/npmrc
4 silly config load:file:/Users/shashi.ramachandra/Documents/4dx/.npmrc
5 silly config load:file:/Users/shashi.ramachandra/.npmrc
6 silly config load:file:/opt/homebrew/etc/npmrc
7 verbose title npm install
8 verbose argv "install" "--cache" ".npm-cache"
9 verbose logfile logs-max:10 dir:/Users/shashi.ramachandra/Documents/4dx/.npm-cache/_logs/2026-07-01T06_56_35_243Z-
10 verbose logfile /Users/shashi.ramachandra/Documents/4dx/.npm-cache/_logs/2026-07-01T06_56_35_243Z-debug-0.log
11 silly logfile done cleaning log files
12 silly packumentCache heap:4496293888 maxSize:1124073472 maxEntrySize:562036736
13 verbose shrinkwrap failed to load node_modules/.package-lock.json out of date, updated: node_modules
14 silly idealTree buildDeps
15 silly reify moves {}
16 silly audit bulk request {
16 silly audit   '@emnapi/wasi-threads': [ '1.2.2' ],
16 silly audit   '@napi-rs/wasm-runtime': [ '1.1.6' ],
16 silly audit   '@oxc-project/types': [ '0.137.0' ],
16 silly audit   '@reduxjs/toolkit': [ '2.12.0' ],
16 silly audit   '@rolldown/binding-android-arm64': [ '1.1.3' ],
16 silly audit   '@rolldown/binding-darwin-arm64': [ '1.1.3' ],
16 silly audit   '@rolldown/binding-darwin-x64': [ '1.1.3' ],
16 silly audit   '@rolldown/binding-freebsd-x64': [ '1.1.3' ],
16 silly audit   '@rolldown/binding-linux-arm-gnueabihf': [ '1.1.3' ],
16 silly audit   '@rolldown/binding-linux-arm64-gnu': [ '1.1.3' ],
16 silly audit   '@rolldown/binding-linux-arm64-musl': [ '1.1.3' ],
16 silly audit   '@rolldown/binding-linux-ppc64-gnu': [ '1.1.3' ],
16 silly audit   '@rolldown/binding-linux-s390x-gnu': [ '1.1.3' ],
16 silly audit   '@rolldown/binding-linux-x64-gnu': [ '1.1.3' ],
16 silly audit   '@rolldown/binding-linux-x64-musl': [ '1.1.3' ],
16 silly audit   '@rolldown/binding-openharmony-arm64': [ '1.1.3' ],
16 silly audit   '@rolldown/binding-wasm32-wasi': [ '1.1.3' ],
16 silly audit   '@rolldown/binding-win32-arm64-msvc': [ '1.1.3' ],
16 silly audit   '@rolldown/binding-win32-x64-msvc': [ '1.1.3' ],
16 silly audit   '@rolldown/pluginutils': [ '1.0.1' ],
16 silly audit   '@standard-schema/spec': [ '1.1.0' ],
16 silly audit   '@standard-schema/utils': [ '0.3.0' ],
16 silly audit   '@tybys/wasm-util': [ '0.10.3' ],
16 silly audit   '@types/d3-array': [ '3.2.2' ],
16 silly audit   '@types/d3-color': [ '3.1.3' ],
16 silly audit   '@types/d3-ease': [ '3.0.2' ],
16 silly audit   '@types/d3-interpolate': [ '3.0.4' ],
16 silly audit   '@types/d3-path': [ '3.1.1' ],
16 silly audit   '@types/d3-scale': [ '4.0.9' ],
16 silly audit   '@types/d3-shape': [ '3.1.8' ],
16 silly audit   '@types/d3-time': [ '3.0.4' ],
16 silly audit   '@types/d3-timer': [ '3.0.2' ],
16 silly audit   '@types/use-sync-external-store': [ '0.0.6' ],
16 silly audit   '@vitejs/plugin-react': [ '6.0.3' ],
16 silly audit   clsx: [ '2.1.1' ],
16 silly audit   'd3-array': [ '3.2.4' ],
16 silly audit   'd3-color': [ '3.1.0' ],
16 silly audit   'd3-ease': [ '3.0.1' ],
16 silly audit   'd3-format': [ '3.1.2' ],
16 silly audit   'd3-interpolate': [ '3.0.1' ],
16 silly audit   'd3-path': [ '3.1.0' ],
16 silly audit   'd3-scale': [ '4.0.2' ],
16 silly audit   'd3-shape': [ '3.2.0' ],
16 silly audit   'd3-time': [ '3.1.0' ],
16 silly audit   'd3-time-format': [ '4.1.0' ],
16 silly audit   'd3-timer': [ '3.0.1' ],
16 silly audit   'decimal.js-light': [ '2.5.1' ],
16 silly audit   'detect-libc': [ '2.1.2' ],
16 silly audit   'es-toolkit': [ '1.49.0' ],
16 silly audit   eventemitter3: [ '5.0.4' ],
16 silly audit   fdir: [ '6.5.0' ],
16 silly audit   'framer-motion': [ '12.42.2' ],
16 silly audit   fsevents: [ '2.3.3' ],
16 silly audit   immer: [ '11.1.8' ],
16 silly audit   internmap: [ '2.0.3' ],
16 silly audit   lightningcss: [ '1.32.0' ],
16 silly audit   'lightningcss-android-arm64': [ '1.32.0' ],
16 silly audit   'lightningcss-darwin-arm64': [ '1.32.0' ],
16 silly audit   'lightningcss-darwin-x64': [ '1.32.0' ],
16 silly audit   'lightningcss-freebsd-x64': [ '1.32.0' ],
16 silly audit   'lightningcss-linux-arm-gnueabihf': [ '1.32.0' ],
16 silly audit   'lightningcss-linux-arm64-gnu': [ '1.32.0' ],
16 silly audit   'lightningcss-linux-arm64-musl': [ '1.32.0' ],
16 silly audit   'lightningcss-linux-x64-gnu': [ '1.32.0' ],
16 silly audit   'lightningcss-linux-x64-musl': [ '1.32.0' ],
16 silly audit   'lightningcss-win32-arm64-msvc': [ '1.32.0' ],
16 silly audit   'lightningcss-win32-x64-msvc': [ '1.32.0' ],
16 silly audit   'lucide-react': [ '1.22.0' ],
16 silly audit   'motion-dom': [ '12.42.2' ],
16 silly audit   'motion-utils': [ '12.39.0' ],
16 silly audit   nanoid: [ '3.3.15' ],
16 silly audit   picocolors: [ '1.1.1' ],
16 silly audit   picomatch: [ '4.0.4' ],
16 silly audit   postcss: [ '8.5.16' ],
16 silly audit   react: [ '19.2.7' ],
16 silly audit   'react-dom': [ '19.2.7' ],
16 silly audit   'react-is': [ '19.2.7' ],
16 silly audit   'react-redux': [ '9.3.0' ],
16 silly audit   recharts: [ '3.9.1' ],
16 silly audit   redux: [ '5.0.1' ],
16 silly audit   'redux-thunk': [ '3.1.0' ],
16 silly audit   reselect: [ '5.2.0' ],
16 silly audit   rolldown: [ '1.1.3' ],
16 silly audit   scheduler: [ '0.27.0' ],
16 silly audit   'source-map-js': [ '1.2.1' ],
16 silly audit   'tiny-invariant': [ '1.3.3' ],
16 silly audit   tinyglobby: [ '0.2.17' ],
16 silly audit   tslib: [ '2.8.1' ],
16 silly audit   'use-sync-external-store': [ '1.6.0' ],
16 silly audit   'victory-vendor': [ '37.3.6' ],
16 silly audit   vite: [ '8.1.2' ]
16 silly audit }
17 http cache fsevents@https://registry.npmjs.org/fsevents/-/fsevents-2.3.3.tgz 0ms (cache hit)
18 http cache @emnapi/wasi-threads@https://registry.npmjs.org/@emnapi/wasi-threads/-/wasi-threads-1.2.2.tgz 0ms (cache hit)
19 silly tarball no local data for @emnapi/wasi-threads@https://registry.npmjs.org/@emnapi/wasi-threads/-/wasi-threads-1.2.2.tgz. Extracting by manifest.
20 http fetch POST 200 https://registry.npmjs.org/-/npm/v1/security/advisories/bulk 375ms
21 silly audit report {}
22 http fetch GET 200 https://registry.npmjs.org/@emnapi/wasi-threads/-/wasi-threads-1.2.2.tgz 672ms (cache miss)
23 silly ADD node_modules/fsevents
24 silly ADD node_modules/@emnapi/wasi-threads
25 verbose cwd /Users/shashi.ramachandra/Documents/4dx
26 verbose os Darwin 25.4.0
27 verbose node v25.2.1
28 verbose npm  v11.6.2
29 verbose exit 0
30 info ok
